<?xml version="1.0" encoding="UTF-8"?>
<!-- Generated by org.testng.reporters.JUnitXMLReporter -->
<testsuite ignored="0" hostname="LAPTOP-B6R378P8" failures="0" tests="4" name="Test" time="0.052" errors="0" timestamp="2020-01-30T20:58:29 IST">
  <testcase classname="JyotshnaProject.RESTAPITest" name="DeleteTwitter" time="0.004"/>
  <testcase classname="JyotshnaProject.RESTAPITest" name="PostJira" time="0.0"/>
  <testcase classname="JyotshnaProject.SeleniumTest" name="BrowserAutomation" time="0.002"/>
  <testcase classname="JyotshnaProject.SeleniumTest" name="elementsUI" time="0.0"/>
</testsuite> <!-- Test -->
